nohup: ignoring input
/home/grisal/github/jsindy/.venv/lib/python3.10/site-packages/pysindy/utils/axes.py:126: AxesWarning: 2 axes labeled for array with 1 axes
  warnings.warn(
jax.errors.SimplifiedTraceback: For simplicity, JAX has removed its internal frames from the traceback of the following exception. Set JAX_TRACEBACK_FILTERING=off to include these.

The above exception was the direct cause of the following exception:

Traceback (most recent call last):
  File "/usr/lib/python3.10/runpy.py", line 196, in _run_module_as_main
    return _run_code(code, main_globals, None,
  File "/usr/lib/python3.10/runpy.py", line 86, in _run_code
    exec(code, run_globals)
  File "/home/grisal/github/jsindy/exp/run_exp/wsindy.py", line 106, in <module>
    big_experiment(exp_folder="wsindy_results")
  File "/home/grisal/github/jsindy/exp/run_exp/wsindy.py", line 92, in big_experiment
    mets = noise_dt_exp(noise,dt,save_path)
  File "/home/grisal/github/jsindy/exp/run_exp/wsindy.py", line 63, in noise_dt_exp
    metrics["data_mets"] = data_metrics(
  File "/home/grisal/github/jsindy/exp/metrics.py", line 74, in data_metrics
    mse = np.mean((true - est) ** 2)
  File "/home/grisal/github/jsindy/.venv/lib/python3.10/site-packages/jax/_src/numpy/array_methods.py", line 579, in deferring_binary_op
    return binary_op(*args)
  File "/home/grisal/github/jsindy/.venv/lib/python3.10/site-packages/jax/_src/numpy/ufunc_api.py", line 180, in __call__
    return call(*args)
  File "/home/grisal/github/jsindy/.venv/lib/python3.10/site-packages/jax/_src/numpy/ufuncs.py", line 1568, in subtract
    out = lax.sub(*promote_args("subtract", x, y))
TypeError: sub got incompatible shapes for broadcasting: (3003,), (3000,).

script ran:
-----------
nohup python -u -m exp.run_exp.wsindy &> wsindy_results.out &
